-------------------------------------------------------------------------------
Test set: ScheduleDecoderTests
-------------------------------------------------------------------------------
Tests run: 1, Failures: 0, Errors: 1, Skipped: 0, Time elapsed: 3.116 s <<< FAILURE! - in ScheduleDecoderTests
testDecoder1  Time elapsed: 3.116 s  <<< ERROR!
org.sqlite.SQLiteException: [SQLITE_BUSY]  The database file is locked (database is locked)
	at ScheduleDecoderTests.getInstanceData(ScheduleDecoderTests.java:48)
	at ScheduleDecoderTests.testDecoder1(ScheduleDecoderTests.java:19)

