<?xml version="1.0" encoding="UTF-8"?>
<testsuite xmlns:xsi="http://www.w3.org/2001/XMLSchema-instance" xsi:noNamespaceSchemaLocation="https://maven.apache.org/surefire/maven-surefire-plugin/xsd/surefire-test-report.xsd" name="ScheduleDecoderTests" time="3.116" tests="1" errors="1" skipped="0" failures="0">
  <properties>
[...]
</properties>
  <testcase name="testDecoder1" classname="ScheduleDecoderTests" time="3.116">
    <error message="[SQLITE_BUSY]  The database file is locked (database is locked)" type="org.sqlite.SQLiteException">org.sqlite.SQLiteException: [SQLITE_BUSY]  The database file is locked (database is locked)
	at ScheduleDecoderTests.getInstanceData(ScheduleDecoderTests.java:48)
	at ScheduleDecoderTests.testDecoder1(ScheduleDecoderTests.java:19)
</error>
    <system-out><![CDATA[/Users/dennismaes/Library/Mobile Documents/com~apple~CloudDocs/School/2021-2022/Thesis/applicatie/scheduler/backend/demo.db
]]></system-out>
  </testcase>
</testsuite>