<?xml version="1.0" encoding="UTF-8"?>
<testsuite xmlns:xsi="http://www.w3.org/2001/XMLSchema-instance" xsi:noNamespaceSchemaLocation="https://maven.apache.org/surefire/maven-surefire-plugin/xsd/surefire-test-report.xsd" name="GeneticTests" time="13.978" tests="5" errors="4" skipped="0" failures="0">
  <properties>
[...]
</properties>
  <testcase name="mutationTest1" classname="GeneticTests" time="0.459"/>
  <testcase name="geneticTest" classname="GeneticTests" time="4.047">
    <error message="[SQLITE_BUSY]  The database file is locked (database is locked)" type="org.sqlite.SQLiteException">org.sqlite.SQLiteException: [SQLITE_BUSY]  The database file is locked (database is locked)
	at GeneticTests.geneticTest(GeneticTests.java:56)
</error>
    <system-out><![CDATA[/Users/dennismaes/Library/Mobile Documents/com~apple~CloudDocs/School/2021-2022/Thesis/applicatie/scheduler/backend/demo.db
                    WEEK 0                                                              WEEK 1                                                              WEEK 2                                                              WEEK 3                                                              WEEK 4                                                              WEEK 5                                                              WEEK 6                                                              WEEK 7                                                              WEEK 8                                                              WEEK 9                                                              WEEK 10                                                             WEEK 11                                                             WEEK 12                                                             WEEK 13                                                             WEEK 14                                                             WEEK 15                                                             WEEK 16                                                             WEEK 17                                                             WEEK 18                                                             WEEK 19                                                             WEEK 20                                                             WEEK 21                                                             WEEK 22                                                             WEEK 23                                                             WEEK 24                                                             WEEK 25                                                             
                    Fri      Sat      Sun      Mon      Tue      Wed      Thu           Fri      Sat      Sun      Mon      Tue      Wed      Thu           Fri      Sat      Sun      Mon      Tue      Wed      Thu           Fri      Sat      Sun      Mon      Tue      Wed      Thu           Fri      Sat      Sun      Mon      Tue      Wed      Thu           Fri      Sat      Sun      Mon      Tue      Wed      Thu           Fri      Sat      Sun      Mon      Tue      Wed      Thu           Fri      Sat      Sun      Mon      Tue      Wed      Thu           Fri      Sat      Sun      Mon      Tue      Wed      Thu           Fri      Sat      Sun      Mon      Tue      Wed      Thu           Fri      Sat      Sun      Mon      Tue      Wed      Thu           Fri      Sat      Sun      Mon      Tue      Wed      Thu           Fri      Sat      Sun      Mon      Tue      Wed      Thu           Fri      Sat      Sun      Mon      Tue      Wed      Thu           Fri      Sat      Sun      Mon      Tue      Wed      Thu           Fri      Sat      Sun      Mon      Tue      Wed      Thu           Fri      Sat      Sun      Mon      Tue      Wed      Thu           Fri      Sat      Sun      Mon      Tue      Wed      Thu           Fri      Sat      Sun      Mon      Tue      Wed      Thu           Fri      Sat      Sun      Mon      Tue      Wed      Thu           Fri      Sat      Sun      Mon      Tue      Wed      Thu           Fri      Sat      Sun      Mon      Tue      Wed      Thu           Fri      Sat      Sun      Mon      Tue      Wed      Thu           Fri      Sat      Sun      Mon      Tue      Wed      Thu           Fri      Sat      Sun      Mon      Tue      Wed      Thu           Fri      Sat      Sun      Mon      Tue      Wed      Thu           

Test JA 1  JA        FREE     FREE     FREE     FREE     FREE     FREE     FREE          FREE     FREE     FREE     FREE     FREE     FREE     FREE          FREE     FREE     FREE     FREE     FREE     FREE     FREE          FREE     FREE     FREE     FREE     FREE     FREE     FREE          FREE     FREE     FREE     FREE     FREE     FREE     FREE          FREE     FREE     FREE     FREE     FREE     FREE     FREE          FREE     FREE     FREE     FREE     FREE     FREE     FREE          FREE     FREE     FREE     FREE     FREE     FREE     FREE          FREE     FREE     FREE     FREE     FREE     FREE     FREE          FREE     FREE     FREE     FREE     FREE     FREE     FREE          FREE     FREE     FREE     FREE     FREE     FREE     FREE          FREE     FREE     FREE     FREE     FREE     FREE     FREE          FREE     FREE     FREE     FREE     FREE     FREE     FREE          FREE     FREE     FREE     FREE     FREE     FREE     FREE          FREE     FREE     FREE     FREE     FREE     FREE     FREE          FREE     FREE     FREE     FREE     FREE     FREE     FREE          FREE     FREE     FREE     FREE     FREE     FREE     FREE          FREE     FREE     FREE     FREE     FREE     FREE     FREE          FREE     FREE     FREE     FREE     FREE     FREE     FREE          FREE     FREE     FREE     FREE     FREE     FREE     FREE          FREE     JAWE     JAWE     FREE     FREE     FREE     FREE          FREE     FREE     FREE     FREE     FREE     FREE     FREE          FREE     FREE     FREE     FREE     FREE     FREE     FREE          FREE     FREE     FREE     FREE     FREE     FREE     FREE          FREE     FREE     FREE     FREE     FREE     FREE     FREE          FREE     FREE     FREE     FREE     FREE     FREE     FREE          
Test JAF 1  JA_F      FREE     FREE     FREE     FREE     FREE     FREE     FREE          FREE     FREE     FREE     FREE     FREE     FREE     FREE          FREE     FREE     FREE     FREE     FREE     FREE     FREE          FREE     FREE     FREE     FREE     FREE     FREE     FREE          FREE     FREE     FREE     FREE     FREE     FREE     FREE          FREE     FREE     FREE     FREE     FREE     FREE     FREE          FREE     FREE     FREE     FREE     FREE     FREE     FREE          FREE     JAWE     JAWE     FREE     FREE     FREE     FREE          FREE     FREE     FREE     FREE     FREE     FREE     FREE          FREE     FREE     FREE     FREE     FREE     FREE     FREE          FREE     FREE     FREE     FREE     FREE     FREE     FREE          FREE     FREE     FREE     FREE     FREE     FREE     FREE          FREE     FREE     FREE     FREE     FREE     FREE     FREE          FREE     FREE     FREE     FREE     FREE     FREE     FREE          FREE     FREE     FREE     FREE     FREE     FREE     FREE          FREE     FREE     FREE     FREE     FREE     FREE     FREE          FREE     FREE     FREE     FREE     FREE     FREE     FREE          FREE     FREE     FREE     FREE     FREE     FREE     FREE          FREE     FREE     FREE     FREE     FREE     FREE     FREE          FREE     FREE     FREE     FREE     FREE     FREE     FREE          FREE     FREE     FREE     FREE     FREE     FREE     FREE          FREE     FREE     FREE     FREE     FREE     FREE     FREE          FREE     FREE     FREE     FREE     FREE     FREE     FREE          FREE     FREE     FREE     FREE     FREE     FREE     FREE          FREE     JAWE     JAWE     FREE     FREE     FREE     FREE          FREE     FREE     FREE     FREE     FREE     FREE     FREE          
Test JA 2  JA        JANW     JANW     JANW     JANW     JANW     JANW     JANW          FREE     FREE     FREE     FREE     FREE     FREE     FREE          FREE     FREE     FREE     FREE     FREE     FREE     FREE          FREE     FREE     FREE     FREE     FREE     FREE     FREE          FREE     FREE     FREE     FREE     FREE     FREE     FREE          FREE     FREE     FREE     FREE     FREE     FREE     FREE          FREE     FREE     FREE     FREE     FREE     FREE     FREE          FREE     FREE     FREE     FREE     FREE     FREE     FREE          FREE     FREE     FREE     FREE     FREE     FREE     FREE          FREE     FREE     FREE     FREE     FREE     FREE     FREE          FREE     FREE     FREE     FREE     FREE     FREE     FREE          FREE     JAWE     JAWE     FREE     FREE     FREE     FREE          FREE     FREE     FREE     FREE     FREE     FREE     FREE          FREE     FREE     FREE     FREE     FREE     FREE     FREE          FREE     FREE     FREE     FREE     FREE     FREE     FREE          FREE     FREE     FREE     FREE     FREE     FREE     FREE          FREE     FREE     FREE     FREE     FREE     FREE     FREE          FREE     FREE     FREE     FREE     FREE     FREE     FREE          FREE     FREE     FREE     FREE     FREE     FREE     FREE          FREE     FREE     FREE     FREE     FREE     FREE     FREE          FREE     FREE     FREE     FREE     FREE     FREE     FREE          FREE     FREE     FREE     FREE     FREE     FREE     FREE          FREE     FREE     FREE     FREE     FREE     FREE     FREE          JANW     JANW     JANW     JANW     JANW     JANW     JANW          FREE     FREE     FREE     FREE     FREE     FREE     FREE          FREE     FREE     FREE     FREE     FREE     FREE     FREE          
Test JA 3  JA        FREE     FREE     FREE     FREE     FREE     FREE     FREE          FREE     FREE     FREE     FREE     FREE     FREE     FREE          FREE     JAWE     JAWE     FREE     FREE     FREE     FREE          FREE     FREE     FREE     FREE     FREE     FREE     FREE          FREE     FREE     FREE     FREE     FREE     FREE     FREE          FREE     FREE     FREE     FREE     FREE     FREE     FREE          FREE     FREE     FREE     FREE     FREE     FREE     FREE          FREE     FREE     FREE     FREE     FREE     FREE     FREE          FREE     FREE     FREE     FREE     FREE     FREE     FREE          FREE     FREE     FREE     FREE     FREE     FREE     FREE          FREE     FREE     FREE     FREE     FREE     FREE     FREE          FREE     FREE     FREE     FREE     FREE     FREE     FREE          FREE     FREE     FREE     FREE     FREE     FREE     FREE          FREE     FREE     FREE     FREE     FREE     FREE     FREE          FREE     FREE     FREE     FREE     FREE     FREE     FREE          FREE     FREE     FREE     FREE     FREE     FREE     FREE          FREE     FREE     FREE     FREE     FREE     FREE     FREE          FREE     FREE     FREE     FREE     FREE     FREE     FREE          FREE     FREE     FREE     FREE     FREE     FREE     FREE          FREE     FREE     FREE     FREE     FREE     FREE     FREE          FREE     FREE     FREE     FREE     FREE     FREE     FREE          FREE     FREE     FREE     FREE     FREE     FREE     FREE          JANW     JANW     JANW     JANW     JANW     JANW     JANW          FREE     FREE     FREE     FREE     FREE     FREE     FREE          FREE     FREE     FREE     FREE     FREE     FREE     FREE          FREE     FREE     FREE     FREE     FREE     FREE     FREE          
Test JA 4  JA        FREE     FREE     FREE     FREE     FREE     FREE     FREE          FREE     FREE     FREE     FREE     FREE     FREE     FREE          FREE     FREE     FREE     FREE     FREE     FREE     FREE          FREE     FREE     FREE     FREE     FREE     FREE     FREE          FREE     FREE     FREE     FREE     FREE     FREE     FREE          FREE     FREE     FREE     FREE     FREE     FREE     FREE          FREE     FREE     FREE     FREE     FREE     FREE     FREE          FREE     FREE     FREE     FREE     FREE     FREE     FREE          FREE     FREE     FREE     FREE     FREE     FREE     FREE          JANW     JANW     JANW     JANW     JANW     JANW     JANW          FREE     FREE     FREE     FREE     FREE     FREE     FREE          FREE     FREE     FREE     FREE     FREE     FREE     FREE          FREE     FREE     FREE     FREE     FREE     FREE     FREE          FREE     FREE     FREE     FREE     FREE     FREE     FREE          FREE     FREE     FREE     FREE     FREE     FREE     FREE          FREE     FREE     FREE     FREE     FREE     FREE     FREE          FREE     FREE     FREE     FREE     FREE     FREE     FREE          FREE     JAWE     JAWE     FREE     FREE     FREE     FREE          FREE     FREE     FREE     FREE     FREE     FREE     FREE          FREE     FREE     FREE     FREE     FREE     FREE     FREE          FREE     FREE     FREE     FREE     FREE     FREE     FREE          JANW     JANW     JANW     JANW     JANW     JANW     JANW          FREE     FREE     FREE     FREE     FREE     FREE     FREE          FREE     FREE     FREE     FREE     FREE     FREE     FREE          JANW     JANW     JANW     JANW     JANW     JANW     JANW          FREE     FREE     FREE     FREE     FREE     FREE     FREE          
Test JAF 2  JA_F      FREE     FREE     FREE     FREE     FREE     FREE     FREE          FREE     FREE     FREE     FREE     FREE     FREE     FREE          FREE     FREE     FREE     FREE     FREE     FREE     FREE          FREE     FREE     FREE     FREE     FREE     FREE     FREE          FREE     FREE     FREE     FREE     FREE     FREE     FREE          FREE     FREE     FREE     FREE     FREE     FREE     FREE          FREE     FREE     FREE     FREE     FREE     FREE     FREE          FREE     FREE     FREE     FREE     FREE     FREE     FREE          FREE     FREE     FREE     FREE     FREE     FREE     FREE          FREE     FREE     FREE     FREE     FREE     FREE     FREE          FREE     FREE     FREE     FREE     FREE     FREE     FREE          FREE     FREE     FREE     FREE     FREE     FREE     FREE          FREE     FREE     FREE     FREE     FREE     FREE     FREE          FREE     FREE     FREE     FREE     FREE     FREE     FREE          FREE     FREE     FREE     FREE     FREE     FREE     FREE          FREE     FREE     FREE     FREE     FREE     FREE     FREE          FREE     FREE     FREE     FREE     FREE     FREE     FREE          FREE     FREE     FREE     FREE     FREE     FREE     FREE          FREE     JAWE     JAWE     FREE     FREE     FREE     FREE          FREE     FREE     FREE     FREE     FREE     FREE     FREE          FREE     FREE     FREE     FREE     FREE     FREE     FREE          FREE     FREE     FREE     FREE     FREE     FREE     FREE          FREE     FREE     FREE     FREE     FREE     FREE     FREE          FREE     FREE     FREE     FREE     FREE     FREE     FREE          FREE     FREE     FREE     FREE     FREE     FREE     FREE          FREE     FREE     FREE     FREE     FREE     FREE     FREE          
Test JAF 3  JA_F      FREE     FREE     FREE     FREE     FREE     FREE     FREE          FREE     FREE     FREE     FREE     FREE     FREE     FREE          FREE     FREE     FREE     FREE     FREE     FREE     FREE          FREE     FREE     FREE     FREE     FREE     FREE     FREE          FREE     FREE     FREE     FREE     FREE     FREE     FREE          FREE     FREE     FREE     FREE     FREE     FREE     FREE          FREE     FREE     FREE     FREE     FREE     FREE     FREE          FREE     FREE     FREE     FREE     FREE     FREE     FREE          FREE     FREE     FREE     FREE     FREE     FREE     FREE          FREE     FREE     FREE     FREE     FREE     FREE     FREE          FREE     FREE     FREE     FREE     FREE     FREE     FREE          FREE     FREE     FREE     FREE     FREE     FREE     FREE          FREE     FREE     FREE     FREE     FREE     FREE     FREE          FREE     FREE     FREE     FREE     FREE     FREE     FREE          FREE     FREE     FREE     FREE     FREE     FREE     FREE          FREE     FREE     FREE     FREE     FREE     FREE     FREE          FREE     FREE     FREE     FREE     FREE     FREE     FREE          FREE     FREE     FREE     FREE     FREE     FREE     FREE          FREE     FREE     FREE     FREE     FREE     FREE     FREE          FREE     FREE     FREE     FREE     FREE     FREE     FREE          FREE     FREE     FREE     FREE     FREE     FREE     FREE          FREE     FREE     FREE     FREE     FREE     FREE     FREE          FREE     FREE     FREE     FREE     FREE     FREE     FREE          FREE     JAWE     JAWE     FREE     FREE     FREE     FREE          FREE     FREE     FREE     FREE     FREE     FREE     FREE          FREE     FREE     FREE     FREE     FREE     FREE     FREE          
Test SA 1  SA        SAEW     SAEW     SAEW     SAEW     SAEW     SAEW     SAEW          FREE     FREE     FREE     FREE     FREE     FREE     FREE          FREE     FREE     FREE     FREE     FREE     FREE     FREE          FREE     FREE     FREE     FREE     FREE     FREE     FREE          FREE     FREE     FREE     FREE     FREE     FREE     FREE          FREE     FREE     FREE     FREE     FREE     FREE     FREE          FREE     FREE     FREE     FREE     FREE     FREE     FREE          CALL     CALL     CALL     CALL     CALL     CALL     CALL          FREE     FREE     FREE     FREE     FREE     FREE     FREE          FREE     FREE     FREE     FREE     FREE     FREE     FREE          FREE     FREE     FREE     FREE     FREE     FREE     FREE          FREE     FREE     FREE     FREE     FREE     FREE     FREE          FREE     FREE     FREE     FREE     FREE     FREE     FREE          FREE     FREE     FREE     FREE     FREE     FREE     FREE          FREE     FREE     FREE     FREE     FREE     FREE     FREE          FREE     FREE     FREE     FREE     FREE     FREE     FREE          FREE     FREE     FREE     FREE     FREE     FREE     FREE          SAEW     SAEW     SAEW     SAEW     SAEW     SAEW     SAEW          FREE     FREE     FREE     FREE     FREE     FREE     FREE          FREE     FREE     FREE     FREE     FREE     FREE     FREE          FREE     FREE     FREE     FREE     FREE     FREE     FREE          FREE     FREE     FREE     FREE     FREE     FREE     FREE          FREE     FREE     FREE     FREE     FREE     FREE     FREE          SAEW     SAEW     SAEW     SAEW     SAEW     SAEW     SAEW          FREE     FREE     FREE     FREE     FREE     FREE     FREE          FREE     FREE     FREE     FREE     FREE     FREE     FREE          
Test SA 2  SA        FREE     FREE     FREE     FREE     FREE     FREE     FREE          FREE     FREE     FREE     FREE     FREE     FREE     FREE          FREE     FREE     FREE     FREE     FREE     FREE     FREE          FREE     FREE     FREE     FREE     FREE     FREE     FREE          FREE     FREE     FREE     FREE     FREE     FREE     FREE          FREE     FREE     FREE     FREE     FREE     FREE     FREE          FREE     FREE     FREE     FREE     FREE     FREE     FREE          FREE     FREE     FREE     FREE     FREE     FREE     FREE          FREE     FREE     FREE     FREE     FREE     FREE     FREE          FREE     FREE     FREE     FREE     FREE     FREE     FREE          FREE     FREE     FREE     FREE     FREE     FREE     FREE          FREE     FREE     FREE     FREE     FREE     FREE     FREE          FREE     FREE     FREE     FREE     FREE     FREE     FREE          FREE     FREE     FREE     FREE     FREE     FREE     FREE          FREE     FREE     FREE     FREE     FREE     FREE     FREE          FREE     FREE     FREE     FREE     FREE     FREE     FREE          FREE     FREE     FREE     FREE     FREE     FREE     FREE          FREE     FREE     FREE     FREE     FREE     FREE     FREE          FREE     FREE     FREE     FREE     FREE     FREE     FREE          FREE     FREE     FREE     FREE     FREE     FREE     FREE          SAEW     SAEW     SAEW     SAEW     SAEW     SAEW     SAEW          FREE     FREE     FREE     FREE     FREE     FREE     FREE          FREE     FREE     FREE     FREE     FREE     FREE     FREE          FREE     FREE     FREE     FREE     FREE     FREE     FREE          FREE     FREE     FREE     FREE     FREE     FREE     FREE          FREE     FREE     FREE     FREE     FREE     FREE     FREE          
Test SA 3  SA        FREE     FREE     FREE     FREE     FREE     FREE     FREE          FREE     FREE     FREE     FREE     FREE     FREE     FREE          FREE     FREE     FREE     FREE     FREE     FREE     FREE          CALL     CALL     CALL     CALL     CALL     CALL     CALL          FREE     FREE     FREE     FREE     FREE     FREE     FREE          FREE     FREE     FREE     FREE     FREE     FREE     FREE          FREE     FREE     FREE     FREE     FREE     FREE     FREE          FREE     FREE     FREE     FREE     FREE     FREE     FREE          FREE     FREE     FREE     FREE     FREE     FREE     FREE          FREE     FREE     FREE     FREE     FREE     FREE     FREE          FREE     FREE     FREE     FREE     FREE     FREE     FREE          FREE     SAWE     SAWE     FREE     FREE     FREE     FREE          FREE     FREE     FREE     FREE     FREE     FREE     FREE          FREE     FREE     FREE     FREE     FREE     FREE     FREE          FREE     FREE     FREE     FREE     FREE     FREE     FREE          FREE     SAWE     SAWE     FREE     FREE     FREE     FREE          FREE     FREE     FREE     FREE     FREE     FREE     FREE          FREE     FREE     FREE     FREE     FREE     FREE     FREE          FREE     FREE     FREE     FREE     FREE     FREE     FREE          FREE     FREE     FREE     FREE     FREE     FREE     FREE          FREE     FREE     FREE     FREE     FREE     FREE     FREE          FREE     FREE     FREE     FREE     FREE     FREE     FREE          FREE     FREE     FREE     FREE     FREE     FREE     FREE          FREE     FREE     FREE     FREE     FREE     FREE     FREE          FREE     FREE     FREE     FREE     FREE     FREE     FREE          FREE     FREE     FREE     FREE     FREE     FREE     FREE          
Test SAF 1  SA_F      FREE     FREE     FREE     FREE     FREE     FREE     FREE          FREE     FREE     FREE     FREE     FREE     FREE     FREE          FREE     FREE     FREE     FREE     FREE     FREE     FREE          FREE     FREE     FREE     FREE     FREE     FREE     FREE          FREE     FREE     FREE     FREE     FREE     FREE     FREE          FREE     FREE     FREE     FREE     FREE     FREE     FREE          FREE     FREE     FREE     FREE     FREE     FREE     FREE          FREE     FREE     FREE     FREE     FREE     FREE     FREE          FREE     FREE     FREE     FREE     FREE     FREE     FREE          FREE     FREE     FREE     FREE     FREE     FREE     FREE          FREE     FREE     FREE     FREE     FREE     FREE     FREE          FREE     FREE     FREE     FREE     FREE     FREE     FREE          FREE     FREE     FREE     FREE     FREE     FREE     FREE          FREE     FREE     FREE     FREE     FREE     FREE     FREE          FREE     FREE     FREE     FREE     FREE     FREE     FREE          FREE     FREE     FREE     FREE     FREE     FREE     FREE          FREE     FREE     FREE     FREE     FREE     FREE     FREE          FREE     FREE     FREE     FREE     FREE     FREE     FREE          FREE     FREE     FREE     FREE     FREE     FREE     FREE          FREE     FREE     FREE     FREE     FREE     FREE     FREE          FREE     FREE     FREE     FREE     FREE     FREE     FREE          FREE     FREE     FREE     FREE     FREE     FREE     FREE          FREE     FREE     FREE     FREE     FREE     FREE     FREE          FREE     FREE     FREE     FREE     FREE     FREE     FREE          FREE     FREE     FREE     FREE     FREE     FREE     FREE          FREE     FREE     FREE     FREE     FREE     FREE     FREE          
Test SAF 2  SA_F      FREE     FREE     FREE     FREE     FREE     FREE     FREE          FREE     FREE     FREE     FREE     FREE     FREE     FREE          FREE     FREE     FREE     FREE     FREE     FREE     FREE          FREE     FREE     FREE     FREE     FREE     FREE     FREE          FREE     FREE     FREE     FREE     FREE     FREE     FREE          FREE     FREE     FREE     FREE     FREE     FREE     FREE          FREE     FREE     FREE     FREE     FREE     FREE     FREE          FREE     FREE     FREE     FREE     FREE     FREE     FREE          FREE     FREE     FREE     FREE     FREE     FREE     FREE          FREE     FREE     FREE     FREE     FREE     FREE     FREE          FREE     FREE     FREE     FREE     FREE     FREE     FREE          FREE     FREE     FREE     FREE     FREE     FREE     FREE          FREE     FREE     FREE     FREE     FREE     FREE     FREE          FREE     FREE     FREE     FREE     FREE     FREE     FREE          FREE     FREE     FREE     FREE     FREE     FREE     FREE          FREE     FREE     FREE     FREE     FREE     FREE     FREE          FREE     FREE     FREE     FREE     FREE     FREE     FREE          FREE     FREE     FREE     FREE     FREE     FREE     FREE          FREE     FREE     FREE     FREE     FREE     FREE     FREE          FREE     FREE     FREE     FREE     FREE     FREE     FREE          CALL     CALL     CALL     CALL     CALL     CALL     CALL          FREE     FREE     FREE     FREE     FREE     FREE     FREE          FREE     FREE     FREE     FREE     FREE     FREE     FREE          FREE     FREE     FREE     FREE     FREE     FREE     FREE          FREE     FREE     FREE     FREE     FREE     FREE     FREE          FREE     FREE     FREE     FREE     FREE     FREE     FREE          
Test SAN 1  SA_NEO    FREE     FREE     FREE     FREE     FREE     FREE     FREE          FREE     FREE     FREE     FREE     FREE     FREE     FREE          FREE     FREE     FREE     FREE     FREE     FREE     FREE          FREE     FREE     FREE     FREE     FREE     FREE     FREE          FREE     FREE     FREE     FREE     FREE     FREE     FREE          FREE     FREE     FREE     FREE     FREE     FREE     FREE          SAEW     SAEW     SAEW     SAEW     SAEW     SAEW     SAEW          FREE     FREE     FREE     FREE     FREE     FREE     FREE          FREE     FREE     FREE     FREE     FREE     FREE     FREE          FREE     FREE     FREE     FREE     FREE     FREE     FREE          FREE     FREE     FREE     FREE     FREE     FREE     FREE          FREE     FREE     FREE     FREE     FREE     FREE     FREE          FREE     FREE     FREE     FREE     FREE     FREE     FREE          FREE     FREE     FREE     FREE     FREE     FREE     FREE          FREE     FREE     FREE     FREE     FREE     FREE     FREE          FREE     FREE     FREE     FREE     FREE     FREE     FREE          FREE     FREE     FREE     FREE     FREE     FREE     FREE          FREE     FREE     FREE     FREE     FREE     FREE     FREE          FREE     FREE     FREE     FREE     FREE     FREE     FREE          FREE     FREE     FREE     FREE     FREE     FREE     FREE          FREE     SAWE     SAWE     FREE     FREE     FREE     FREE          FREE     FREE     FREE     FREE     FREE     FREE     FREE          FREE     FREE     FREE     FREE     FREE     FREE     FREE          FREE     FREE     FREE     FREE     FREE     FREE     FREE          FREE     FREE     FREE     FREE     FREE     FREE     FREE          FREE     FREE     FREE     FREE     FREE     FREE     FREE          
Test SAN 2  SA_NEO    FREE     FREE     FREE     FREE     FREE     FREE     FREE          FREE     FREE     FREE     FREE     FREE     FREE     FREE          CALL     CALL     CALL     CALL     CALL     CALL     CALL          FREE     FREE     FREE     FREE     FREE     FREE     FREE          FREE     FREE     FREE     FREE     FREE     FREE     FREE          FREE     FREE     FREE     FREE     FREE     FREE     FREE          FREE     FREE     FREE     FREE     FREE     FREE     FREE          FREE     FREE     FREE     FREE     FREE     FREE     FREE          FREE     FREE     FREE     FREE     FREE     FREE     FREE          FREE     FREE     FREE     FREE     FREE     FREE     FREE          FREE     FREE     FREE     FREE     FREE     FREE     FREE          FREE     FREE     FREE     FREE     FREE     FREE     FREE          FREE     FREE     FREE     FREE     FREE     FREE     FREE          FREE     TPWE     TPWE     FREE     FREE     FREE     FREE          FREE     FREE     FREE     FREE     FREE     FREE     FREE          FREE     FREE     FREE     FREE     FREE     FREE     FREE          FREE     TPWE     TPWE     FREE     FREE     FREE     FREE          FREE     FREE     FREE     FREE     FREE     FREE     FREE          FREE     FREE     FREE     FREE     FREE     FREE     FREE          FREE     FREE     FREE     FREE     FREE     FREE     FREE          FREE     FREE     FREE     FREE     FREE     FREE     FREE          FREE     FREE     FREE     FREE     FREE     FREE     FREE          FREE     FREE     FREE     FREE     FREE     FREE     FREE          FREE     FREE     FREE     FREE     FREE     FREE     FREE          FREE     FREE     FREE     FREE     FREE     FREE     FREE          FREE     FREE     FREE     FREE     FREE     FREE     FREE          
Test SAN 3  SA_NEO    FREE     FREE     FREE     FREE     FREE     FREE     FREE          FREE     FREE     FREE     FREE     FREE     FREE     FREE          FREE     FREE     FREE     FREE     FREE     FREE     FREE          FREE     FREE     FREE     FREE     FREE     FREE     FREE          FREE     FREE     FREE     FREE     FREE     FREE     FREE          FREE     FREE     FREE     FREE     FREE     FREE     FREE          FREE     SAWE     SAWE     FREE     FREE     FREE     FREE          FREE     FREE     FREE     FREE     FREE     FREE     FREE          FREE     SAWE     SAWE     FREE     FREE     FREE     FREE          FREE     FREE     FREE     FREE     FREE     FREE     FREE          FREE     TPWE     TPWE     FREE     FREE     FREE     FREE          FREE     FREE     FREE     FREE     FREE     FREE     FREE          FREE     FREE     FREE     FREE     FREE     FREE     FREE          FREE     FREE     FREE     FREE     FREE     FREE     FREE          FREE     TPWE     TPWE     FREE     FREE     FREE     FREE          FREE     FREE     FREE     FREE     FREE     FREE     FREE          FREE     FREE     FREE     FREE     FREE     FREE     FREE          FREE     FREE     FREE     FREE     FREE     FREE     FREE          FREE     FREE     FREE     FREE     FREE     FREE     FREE          FREE     FREE     FREE     FREE     FREE     FREE     FREE          FREE     FREE     FREE     FREE     FREE     FREE     FREE          FREE     FREE     FREE     FREE     FREE     FREE     FREE          FREE     FREE     FREE     FREE     FREE     FREE     FREE          FREE     FREE     FREE     FREE     FREE     FREE     FREE          FREE     FREE     FREE     FREE     FREE     FREE     FREE          FREE     FREE     FREE     FREE     FREE     FREE     FREE          
Test SAN 4  SA_NEO    FREE     FREE     FREE     FREE     FREE     FREE     FREE          FREE     TPWE     TPWE     FREE     FREE     FREE     FREE          FREE     FREE     FREE     FREE     FREE     FREE     FREE          FREE     FREE     FREE     FREE     FREE     FREE     FREE          FREE     FREE     FREE     FREE     FREE     FREE     FREE          FREE     FREE     FREE     FREE     FREE     FREE     FREE          FREE     FREE     FREE     FREE     FREE     FREE     FREE          FREE     FREE     FREE     FREE     FREE     FREE     FREE          FREE     FREE     FREE     FREE     FREE     FREE     FREE          FREE     FREE     FREE     FREE     FREE     FREE     FREE          FREE     FREE     FREE     FREE     FREE     FREE     FREE          FREE     FREE     FREE     FREE     FREE     FREE     FREE          FREE     FREE     FREE     FREE     FREE     FREE     FREE          CALL     CALL     CALL     CALL     CALL     CALL     CALL          FREE     FREE     FREE     FREE     FREE     FREE     FREE          FREE     FREE     FREE     FREE     FREE     FREE     FREE          FREE     FREE     FREE     FREE     FREE     FREE     FREE          FREE     FREE     FREE     FREE     FREE     FREE     FREE          FREE     FREE     FREE     FREE     FREE     FREE     FREE          FREE     FREE     FREE     FREE     FREE     FREE     FREE          FREE     FREE     FREE     FREE     FREE     FREE     FREE          FREE     FREE     FREE     FREE     FREE     FREE     FREE          FREE     FREE     FREE     FREE     FREE     FREE     FREE          FREE     FREE     FREE     FREE     FREE     FREE     FREE          FREE     FREE     FREE     FREE     FREE     FREE     FREE          FREE     FREE     FREE     FREE     FREE     FREE     FREE          
Test SAN 5  SA_NEO    FREE     FREE     FREE     FREE     FREE     FREE     FREE          FREE     FREE     FREE     FREE     FREE     FREE     FREE          FREE     FREE     FREE     FREE     FREE     FREE     FREE          FREE     TPWE     TPWE     FREE     FREE     FREE     FREE          FREE     FREE     FREE     FREE     FREE     FREE     FREE          FREE     FREE     FREE     FREE     FREE     FREE     FREE          FREE     FREE     FREE     FREE     FREE     FREE     FREE          FREE     FREE     FREE     FREE     FREE     FREE     FREE          FREE     FREE     FREE     FREE     FREE     FREE     FREE          FREE     TPWE     TPWE     FREE     FREE     FREE     FREE          FREE     FREE     FREE     FREE     FREE     FREE     FREE          FREE     FREE     FREE     FREE     FREE     FREE     FREE          FREE     FREE     FREE     FREE     FREE     FREE     FREE          FREE     FREE     FREE     FREE     FREE     FREE     FREE          FREE     FREE     FREE     FREE     FREE     FREE     FREE          FREE     FREE     FREE     FREE     FREE     FREE     FREE          FREE     SAWE     SAWE     FREE     FREE     FREE     FREE          FREE     FREE     FREE     FREE     FREE     FREE     FREE          FREE     FREE     FREE     FREE     FREE     FREE     FREE          FREE     FREE     FREE     FREE     FREE     FREE     FREE          FREE     FREE     FREE     FREE     FREE     FREE     FREE          FREE     FREE     FREE     FREE     FREE     FREE     FREE          FREE     FREE     FREE     FREE     FREE     FREE     FREE          FREE     FREE     FREE     FREE     FREE     FREE     FREE          FREE     FREE     FREE     FREE     FREE     FREE     FREE          FREE     FREE     FREE     FREE     FREE     FREE     FREE          
Test SAFN 1  SA_F_NEO  FREE     FREE     FREE     FREE     FREE     FREE     FREE          FREE     FREE     FREE     FREE     FREE     FREE     FREE          FREE     FREE     FREE     FREE     FREE     FREE     FREE          FREE     FREE     FREE     FREE     FREE     FREE     FREE          FREE     FREE     FREE     FREE     FREE     FREE     FREE          FREE     FREE     FREE     FREE     FREE     FREE     FREE          FREE     FREE     FREE     FREE     FREE     FREE     FREE          FREE     FREE     FREE     FREE     FREE     FREE     FREE          FREE     TPWE     TPWE     FREE     FREE     FREE     FREE          FREE     FREE     FREE     FREE     FREE     FREE     FREE          FREE     FREE     FREE     FREE     FREE     FREE     FREE          FREE     FREE     FREE     FREE     FREE     FREE     FREE          FREE     FREE     FREE     FREE     FREE     FREE     FREE          FREE     FREE     FREE     FREE     FREE     FREE     FREE          FREE     FREE     FREE     FREE     FREE     FREE     FREE          FREE     FREE     FREE     FREE     FREE     FREE     FREE          FREE     FREE     FREE     FREE     FREE     FREE     FREE          FREE     TPWE     TPWE     FREE     FREE     FREE     FREE          FREE     FREE     FREE     FREE     FREE     FREE     FREE          FREE     FREE     FREE     FREE     FREE     FREE     FREE          FREE     FREE     FREE     FREE     FREE     FREE     FREE          FREE     FREE     FREE     FREE     FREE     FREE     FREE          FREE     FREE     FREE     FREE     FREE     FREE     FREE          FREE     SAWE     SAWE     FREE     FREE     FREE     FREE          FREE     FREE     FREE     FREE     FREE     FREE     FREE          FREE     FREE     FREE     FREE     FREE     FREE     FREE          
Test SAFN 2  SA_F_NEO  FREE     FREE     FREE     FREE     FREE     FREE     FREE          FREE     FREE     FREE     FREE     FREE     FREE     FREE          FREE     FREE     FREE     FREE     FREE     FREE     FREE          FREE     FREE     FREE     FREE     FREE     FREE     FREE          FREE     FREE     FREE     FREE     FREE     FREE     FREE          FREE     FREE     FREE     FREE     FREE     FREE     FREE          FREE     FREE     FREE     FREE     FREE     FREE     FREE          FREE     FREE     FREE     FREE     FREE     FREE     FREE          FREE     FREE     FREE     FREE     FREE     FREE     FREE          FREE     FREE     FREE     FREE     FREE     FREE     FREE          FREE     FREE     FREE     FREE     FREE     FREE     FREE          FREE     FREE     FREE     FREE     FREE     FREE     FREE          FREE     FREE     FREE     FREE     FREE     FREE     FREE          FREE     FREE     FREE     FREE     FREE     FREE     FREE          FREE     FREE     FREE     FREE     FREE     FREE     FREE          FREE     TPWE     TPWE     FREE     FREE     FREE     FREE          FREE     FREE     FREE     FREE     FREE     FREE     FREE          FREE     FREE     FREE     FREE     FREE     FREE     FREE          FREE     FREE     FREE     FREE     FREE     FREE     FREE          FREE     FREE     FREE     FREE     FREE     FREE     FREE          FREE     FREE     FREE     FREE     FREE     FREE     FREE          FREE     FREE     FREE     FREE     FREE     FREE     FREE          FREE     FREE     FREE     FREE     FREE     FREE     FREE          FREE     FREE     FREE     FREE     FREE     FREE     FREE          FREE     FREE     FREE     FREE     FREE     FREE     FREE          FREE     FREE     FREE     FREE     FREE     FREE     FREE          
Test JA 5  JA        FREE     FREE     FREE     FREE     FREE     FREE     FREE          FREE     FREE     FREE     FREE     FREE     FREE     FREE          FREE     FREE     FREE     FREE     FREE     FREE     FREE          FREE     FREE     FREE     FREE     FREE     FREE     FREE          FREE     FREE     FREE     FREE     FREE     FREE     FREE          JANW     JANW     JANW     JANW     JANW     JANW     JANW          FREE     FREE     FREE     FREE     FREE     FREE     FREE          FREE     FREE     FREE     FREE     FREE     FREE     FREE          FREE     JAWE     JAWE     FREE     FREE     FREE     FREE          FREE     FREE     FREE     FREE     FREE     FREE     FREE          FREE     FREE     FREE     FREE     FREE     FREE     FREE          FREE     FREE     FREE     FREE     FREE     FREE     FREE          JANW     JANW     JANW     JANW     JANW     JANW     JANW          FREE     FREE     FREE     FREE     FREE     FREE     FREE          FREE     FREE     FREE     FREE     FREE     FREE     FREE          FREE     FREE     FREE     FREE     FREE     FREE     FREE          FREE     FREE     FREE     FREE     FREE     FREE     FREE          FREE     FREE     FREE     FREE     FREE     FREE     FREE          FREE     FREE     FREE     FREE     FREE     FREE     FREE          FREE     FREE     FREE     FREE     FREE     FREE     FREE          FREE     FREE     FREE     FREE     FREE     FREE     FREE          FREE     FREE     FREE     FREE     FREE     FREE     FREE          FREE     FREE     FREE     FREE     FREE     FREE     FREE          FREE     FREE     FREE     FREE     FREE     FREE     FREE          FREE     FREE     FREE     FREE     FREE     FREE     FREE          FREE     FREE     FREE     FREE     FREE     FREE     FREE          
Test JA 6  JA        FREE     JAWE     JAWE     FREE     FREE     FREE     FREE          FREE     FREE     FREE     FREE     FREE     FREE     FREE          FREE     FREE     FREE     FREE     FREE     FREE     FREE          FREE     FREE     FREE     FREE     FREE     FREE     FREE          FREE     FREE     FREE     FREE     FREE     FREE     FREE          FREE     JAWE     JAWE     FREE     FREE     FREE     FREE          FREE     FREE     FREE     FREE     FREE     FREE     FREE          FREE     FREE     FREE     FREE     FREE     FREE     FREE          FREE     FREE     FREE     FREE     FREE     FREE     FREE          FREE     FREE     FREE     FREE     FREE     FREE     FREE          FREE     FREE     FREE     FREE     FREE     FREE     FREE          FREE     FREE     FREE     FREE     FREE     FREE     FREE          FREE     FREE     FREE     FREE     FREE     FREE     FREE          FREE     FREE     FREE     FREE     FREE     FREE     FREE          FREE     FREE     FREE     FREE     FREE     FREE     FREE          FREE     FREE     FREE     FREE     FREE     FREE     FREE          FREE     FREE     FREE     FREE     FREE     FREE     FREE          FREE     FREE     FREE     FREE     FREE     FREE     FREE          FREE     FREE     FREE     FREE     FREE     FREE     FREE          FREE     FREE     FREE     FREE     FREE     FREE     FREE          FREE     FREE     FREE     FREE     FREE     FREE     FREE          FREE     FREE     FREE     FREE     FREE     FREE     FREE          FREE     FREE     FREE     FREE     FREE     FREE     FREE          FREE     FREE     FREE     FREE     FREE     FREE     FREE          FREE     FREE     FREE     FREE     FREE     FREE     FREE          FREE     JAWE     JAWE     FREE     FREE     FREE     FREE          
Test JA 7  JA        FREE     FREE     FREE     FREE     FREE     FREE     FREE          FREE     FREE     FREE     FREE     FREE     FREE     FREE          FREE     FREE     FREE     FREE     FREE     FREE     FREE          FREE     FREE     FREE     FREE     FREE     FREE     FREE          JANW     JANW     JANW     JANW     JANW     JANW     JANW          FREE     FREE     FREE     FREE     FREE     FREE     FREE          FREE     FREE     FREE     FREE     FREE     FREE     FREE          JANW     JANW     JANW     JANW     JANW     JANW     JANW          FREE     FREE     FREE     FREE     FREE     FREE     FREE          FREE     FREE     FREE     FREE     FREE     FREE     FREE          FREE     FREE     FREE     FREE     FREE     FREE     FREE          FREE     FREE     FREE     FREE     FREE     FREE     FREE          FREE     FREE     FREE     FREE     FREE     FREE     FREE          FREE     FREE     FREE     FREE     FREE     FREE     FREE          FREE     FREE     FREE     FREE     FREE     FREE     FREE          FREE     FREE     FREE     FREE     FREE     FREE     FREE          FREE     FREE     FREE     FREE     FREE     FREE     FREE          FREE     FREE     FREE     FREE     FREE     FREE     FREE          FREE     FREE     FREE     FREE     FREE     FREE     FREE          FREE     FREE     FREE     FREE     FREE     FREE     FREE          FREE     FREE     FREE     FREE     FREE     FREE     FREE          FREE     FREE     FREE     FREE     FREE     FREE     FREE          FREE     FREE     FREE     FREE     FREE     FREE     FREE          FREE     FREE     FREE     FREE     FREE     FREE     FREE          FREE     FREE     FREE     FREE     FREE     FREE     FREE          FREE     FREE     FREE     FREE     FREE     FREE     FREE          
Test JAF  4  JA_F      FREE     FREE     FREE     FREE     FREE     FREE     FREE          FREE     FREE     FREE     FREE     FREE     FREE     FREE          FREE     FREE     FREE     FREE     FREE     FREE     FREE          FREE     FREE     FREE     FREE     FREE     FREE     FREE          FREE     FREE     FREE     FREE     FREE     FREE     FREE          FREE     FREE     FREE     FREE     FREE     FREE     FREE          FREE     FREE     FREE     FREE     FREE     FREE     FREE          FREE     FREE     FREE     FREE     FREE     FREE     FREE          FREE     FREE     FREE     FREE     FREE     FREE     FREE          FREE     FREE     FREE     FREE     FREE     FREE     FREE          FREE     FREE     FREE     FREE     FREE     FREE     FREE          FREE     FREE     FREE     FREE     FREE     FREE     FREE          FREE     FREE     FREE     FREE     FREE     FREE     FREE          FREE     FREE     FREE     FREE     FREE     FREE     FREE          FREE     FREE     FREE     FREE     FREE     FREE     FREE          FREE     FREE     FREE     FREE     FREE     FREE     FREE          FREE     JAWE     JAWE     FREE     FREE     FREE     FREE          FREE     FREE     FREE     FREE     FREE     FREE     FREE          FREE     FREE     FREE     FREE     FREE     FREE     FREE          FREE     FREE     FREE     FREE     FREE     FREE     FREE          FREE     FREE     FREE     FREE     FREE     FREE     FREE          FREE     JAWE     JAWE     FREE     FREE     FREE     FREE          FREE     FREE     FREE     FREE     FREE     FREE     FREE          FREE     FREE     FREE     FREE     FREE     FREE     FREE          FREE     FREE     FREE     FREE     FREE     FREE     FREE          FREE     FREE     FREE     FREE     FREE     FREE     FREE          
Test SA 4  SA        FREE     FREE     FREE     FREE     FREE     FREE     FREE          FREE     FREE     FREE     FREE     FREE     FREE     FREE          FREE     FREE     FREE     FREE     FREE     FREE     FREE          FREE     FREE     FREE     FREE     FREE     FREE     FREE          FREE     SAWE     SAWE     FREE     FREE     FREE     FREE          FREE     FREE     FREE     FREE     FREE     FREE     FREE          FREE     FREE     FREE     FREE     FREE     FREE     FREE          FREE     FREE     FREE     FREE     FREE     FREE     FREE          FREE     FREE     FREE     FREE     FREE     FREE     FREE          FREE     FREE     FREE     FREE     FREE     FREE     FREE          FREE     FREE     FREE     FREE     FREE     FREE     FREE          FREE     FREE     FREE     FREE     FREE     FREE     FREE          FREE     FREE     FREE     FREE     FREE     FREE     FREE          FREE     FREE     FREE     FREE     FREE     FREE     FREE          FREE     FREE     FREE     FREE     FREE     FREE     FREE          FREE     FREE     FREE     FREE     FREE     FREE     FREE          FREE     FREE     FREE     FREE     FREE     FREE     FREE          FREE     FREE     FREE     FREE     FREE     FREE     FREE          FREE     FREE     FREE     FREE     FREE     FREE     FREE          FREE     FREE     FREE     FREE     FREE     FREE     FREE          FREE     FREE     FREE     FREE     FREE     FREE     FREE          FREE     FREE     FREE     FREE     FREE     FREE     FREE          FREE     FREE     FREE     FREE     FREE     FREE     FREE          FREE     FREE     FREE     FREE     FREE     FREE     FREE          FREE     FREE     FREE     FREE     FREE     FREE     FREE          FREE     FREE     FREE     FREE     FREE     FREE     FREE          
Test SA  5  SA        FREE     FREE     FREE     FREE     FREE     FREE     FREE          SAEW     SAEW     SAEW     SAEW     SAEW     SAEW     SAEW          FREE     FREE     FREE     FREE     FREE     FREE     FREE          FREE     FREE     FREE     FREE     FREE     FREE     FREE          FREE     FREE     FREE     FREE     FREE     FREE     FREE          FREE     FREE     FREE     FREE     FREE     FREE     FREE          FREE     FREE     FREE     FREE     FREE     FREE     FREE          FREE     FREE     FREE     FREE     FREE     FREE     FREE          FREE     FREE     FREE     FREE     FREE     FREE     FREE          FREE     FREE     FREE     FREE     FREE     FREE     FREE          FREE     FREE     FREE     FREE     FREE     FREE     FREE          FREE     FREE     FREE     FREE     FREE     FREE     FREE          FREE     FREE     FREE     FREE     FREE     FREE     FREE          FREE     FREE     FREE     FREE     FREE     FREE     FREE          FREE     FREE     FREE     FREE     FREE     FREE     FREE          SAEW     SAEW     SAEW     SAEW     SAEW     SAEW     SAEW          FREE     FREE     FREE     FREE     FREE     FREE     FREE          FREE     FREE     FREE     FREE     FREE     FREE     FREE          FREE     FREE     FREE     FREE     FREE     FREE     FREE          FREE     FREE     FREE     FREE     FREE     FREE     FREE          FREE     FREE     FREE     FREE     FREE     FREE     FREE          FREE     FREE     FREE     FREE     FREE     FREE     FREE          FREE     FREE     FREE     FREE     FREE     FREE     FREE          FREE     FREE     FREE     FREE     FREE     FREE     FREE          FREE     FREE     FREE     FREE     FREE     FREE     FREE          FREE     FREE     FREE     FREE     FREE     FREE     FREE          
Test SAF 3   SA_F      FREE     FREE     FREE     FREE     FREE     FREE     FREE          FREE     FREE     FREE     FREE     FREE     FREE     FREE          FREE     FREE     FREE     FREE     FREE     FREE     FREE          FREE     FREE     FREE     FREE     FREE     FREE     FREE          FREE     FREE     FREE     FREE     FREE     FREE     FREE          FREE     FREE     FREE     FREE     FREE     FREE     FREE          FREE     FREE     FREE     FREE     FREE     FREE     FREE          FREE     FREE     FREE     FREE     FREE     FREE     FREE          FREE     FREE     FREE     FREE     FREE     FREE     FREE          FREE     FREE     FREE     FREE     FREE     FREE     FREE          FREE     FREE     FREE     FREE     FREE     FREE     FREE          FREE     FREE     FREE     FREE     FREE     FREE     FREE          FREE     FREE     FREE     FREE     FREE     FREE     FREE          FREE     FREE     FREE     FREE     FREE     FREE     FREE          FREE     FREE     FREE     FREE     FREE     FREE     FREE          FREE     FREE     FREE     FREE     FREE     FREE     FREE          FREE     FREE     FREE     FREE     FREE     FREE     FREE          FREE     FREE     FREE     FREE     FREE     FREE     FREE          FREE     FREE     FREE     FREE     FREE     FREE     FREE          FREE     FREE     FREE     FREE     FREE     FREE     FREE          FREE     FREE     FREE     FREE     FREE     FREE     FREE          FREE     FREE     FREE     FREE     FREE     FREE     FREE          FREE     FREE     FREE     FREE     FREE     FREE     FREE          CALL     CALL     CALL     CALL     CALL     CALL     CALL          FREE     FREE     FREE     FREE     FREE     FREE     FREE          FREE     FREE     FREE     FREE     FREE     FREE     FREE          
Test SAN  6  SA_NEO    FREE     FREE     FREE     FREE     FREE     FREE     FREE          FREE     FREE     FREE     FREE     FREE     FREE     FREE          FREE     FREE     FREE     FREE     FREE     FREE     FREE          FREE     FREE     FREE     FREE     FREE     FREE     FREE          FREE     FREE     FREE     FREE     FREE     FREE     FREE          FREE     FREE     FREE     FREE     FREE     FREE     FREE          FREE     FREE     FREE     FREE     FREE     FREE     FREE          FREE     TPWE     TPWE     FREE     FREE     FREE     FREE          FREE     FREE     FREE     FREE     FREE     FREE     FREE          FREE     FREE     FREE     FREE     FREE     FREE     FREE          FREE     FREE     FREE     FREE     FREE     FREE     FREE          FREE     FREE     FREE     FREE     FREE     FREE     FREE          FREE     FREE     FREE     FREE     FREE     FREE     FREE          FREE     FREE     FREE     FREE     FREE     FREE     FREE          FREE     FREE     FREE     FREE     FREE     FREE     FREE          FREE     FREE     FREE     FREE     FREE     FREE     FREE          CALL     CALL     CALL     CALL     CALL     CALL     CALL          FREE     FREE     FREE     FREE     FREE     FREE     FREE          FREE     FREE     FREE     FREE     FREE     FREE     FREE          FREE     FREE     FREE     FREE     FREE     FREE     FREE          FREE     FREE     FREE     FREE     FREE     FREE     FREE          FREE     FREE     FREE     FREE     FREE     FREE     FREE          FREE     FREE     FREE     FREE     FREE     FREE     FREE          FREE     FREE     FREE     FREE     FREE     FREE     FREE          FREE     FREE     FREE     FREE     FREE     FREE     FREE          FREE     FREE     FREE     FREE     FREE     FREE     FREE          
Test SAN  7   SA_NEO    CALL     CALL     CALL     CALL     CALL     CALL     CALL          FREE     FREE     FREE     FREE     FREE     FREE     FREE          FREE     FREE     FREE     FREE     FREE     FREE     FREE          FREE     FREE     FREE     FREE     FREE     FREE     FREE          FREE     FREE     FREE     FREE     FREE     FREE     FREE          FREE     FREE     FREE     FREE     FREE     FREE     FREE          FREE     FREE     FREE     FREE     FREE     FREE     FREE          FREE     FREE     FREE     FREE     FREE     FREE     FREE          FREE     FREE     FREE     FREE     FREE     FREE     FREE          FREE     FREE     FREE     FREE     FREE     FREE     FREE          FREE     FREE     FREE     FREE     FREE     FREE     FREE          SAEW     SAEW     SAEW     SAEW     SAEW     SAEW     SAEW          FREE     FREE     FREE     FREE     FREE     FREE     FREE          FREE     FREE     FREE     FREE     FREE     FREE     FREE          FREE     FREE     FREE     FREE     FREE     FREE     FREE          FREE     FREE     FREE     FREE     FREE     FREE     FREE          FREE     FREE     FREE     FREE     FREE     FREE     FREE          FREE     FREE     FREE     FREE     FREE     FREE     FREE          FREE     FREE     FREE     FREE     FREE     FREE     FREE          FREE     FREE     FREE     FREE     FREE     FREE     FREE          FREE     FREE     FREE     FREE     FREE     FREE     FREE          FREE     FREE     FREE     FREE     FREE     FREE     FREE          FREE     FREE     FREE     FREE     FREE     FREE     FREE          FREE     FREE     FREE     FREE     FREE     FREE     FREE          FREE     FREE     FREE     FREE     FREE     FREE     FREE          FREE     FREE     FREE     FREE     FREE     FREE     FREE          
Test SAFN 3     SA_F_NEO  FREE     FREE     FREE     FREE     FREE     FREE     FREE          FREE     FREE     FREE     FREE     FREE     FREE     FREE          FREE     FREE     FREE     FREE     FREE     FREE     FREE          FREE     FREE     FREE     FREE     FREE     FREE     FREE          FREE     FREE     FREE     FREE     FREE     FREE     FREE          FREE     FREE     FREE     FREE     FREE     FREE     FREE          FREE     FREE     FREE     FREE     FREE     FREE     FREE          FREE     FREE     FREE     FREE     FREE     FREE     FREE          FREE     FREE     FREE     FREE     FREE     FREE     FREE          FREE     FREE     FREE     FREE     FREE     FREE     FREE          FREE     FREE     FREE     FREE     FREE     FREE     FREE          FREE     FREE     FREE     FREE     FREE     FREE     FREE          FREE     FREE     FREE     FREE     FREE     FREE     FREE          FREE     FREE     FREE     FREE     FREE     FREE     FREE          CALL     CALL     CALL     CALL     CALL     CALL     CALL          FREE     FREE     FREE     FREE     FREE     FREE     FREE          FREE     FREE     FREE     FREE     FREE     FREE     FREE          FREE     FREE     FREE     FREE     FREE     FREE     FREE          FREE     FREE     FREE     FREE     FREE     FREE     FREE          FREE     FREE     FREE     FREE     FREE     FREE     FREE          FREE     FREE     FREE     FREE     FREE     FREE     FREE          FREE     FREE     FREE     FREE     FREE     FREE     FREE          CALL     CALL     CALL     CALL     CALL     CALL     CALL          FREE     FREE     FREE     FREE     FREE     FREE     FREE          FREE     FREE     FREE     FREE     FREE     FREE     FREE          FREE     FREE     FREE     FREE     FREE     FREE     FREE          

----------------------------------------------------------------------------------------------
                    WEEK 0                                                              WEEK 1                                                              WEEK 2                                                              WEEK 3                                                              WEEK 4                                                              WEEK 5                                                              WEEK 6                                                              WEEK 7                                                              WEEK 8                                                              WEEK 9                                                              WEEK 10                                                             WEEK 11                                                             WEEK 12                                                             WEEK 13                                                             WEEK 14                                                             WEEK 15                                                             WEEK 16                                                             WEEK 17                                                             WEEK 18                                                             WEEK 19                                                             WEEK 20                                                             WEEK 21                                                             WEEK 22                                                             WEEK 23                                                             WEEK 24                                                             WEEK 25                                                             
                    Fri      Sat      Sun      Mon      Tue      Wed      Thu           Fri      Sat      Sun      Mon      Tue      Wed      Thu           Fri      Sat      Sun      Mon      Tue      Wed      Thu           Fri      Sat      Sun      Mon      Tue      Wed      Thu           Fri      Sat      Sun      Mon      Tue      Wed      Thu           Fri      Sat      Sun      Mon      Tue      Wed      Thu           Fri      Sat      Sun      Mon      Tue      Wed      Thu           Fri      Sat      Sun      Mon      Tue      Wed      Thu           Fri      Sat      Sun      Mon      Tue      Wed      Thu           Fri      Sat      Sun      Mon      Tue      Wed      Thu           Fri      Sat      Sun      Mon      Tue      Wed      Thu           Fri      Sat      Sun      Mon      Tue      Wed      Thu           Fri      Sat      Sun      Mon      Tue      Wed      Thu           Fri      Sat      Sun      Mon      Tue      Wed      Thu           Fri      Sat      Sun      Mon      Tue      Wed      Thu           Fri      Sat      Sun      Mon      Tue      Wed      Thu           Fri      Sat      Sun      Mon      Tue      Wed      Thu           Fri      Sat      Sun      Mon      Tue      Wed      Thu           Fri      Sat      Sun      Mon      Tue      Wed      Thu           Fri      Sat      Sun      Mon      Tue      Wed      Thu           Fri      Sat      Sun      Mon      Tue      Wed      Thu           Fri      Sat      Sun      Mon      Tue      Wed      Thu           Fri      Sat      Sun      Mon      Tue      Wed      Thu           Fri      Sat      Sun      Mon      Tue      Wed      Thu           Fri      Sat      Sun      Mon      Tue      Wed      Thu           Fri      Sat      Sun      Mon      Tue      Wed      Thu           

Test JA 1  JA        FREE     FREE     FREE     FREE     FREE     FREE     FREE          FREE     FREE     FREE     FREE     FREE     FREE     FREE          FREE     FREE     FREE     FREE     FREE     FREE     FREE          FREE     FREE     FREE     FREE     FREE     FREE     FREE          JANW     JANW     JANW     JANW     JANW     JANW     JANW          FREE     FREE     FREE     FREE     FREE     FREE     FREE          FREE     FREE     FREE     FREE     FREE     FREE     FREE          FREE     FREE     FREE     FREE     FREE     FREE     FREE          FREE     FREE     FREE     FREE     FREE     FREE     FREE          FREE     JAWE     JAWE     FREE     FREE     FREE     FREE          FREE     FREE     FREE     FREE     FREE     FREE     FREE          FREE     FREE     FREE     FREE     FREE     FREE     FREE          JANW     JANW     JANW     JANW     JANW     JANW     JANW          FREE     FREE     FREE     FREE     FREE     FREE     FREE          FREE     FREE     FREE     FREE     FREE     FREE     FREE          FREE     FREE     FREE     FREE     FREE     FREE     FREE          JANW     JANW     JANW     JANW     JANW     JANW     JANW          FREE     FREE     FREE     FREE     FREE     FREE     FREE          FREE     FREE     FREE     FREE     FREE     FREE     FREE          FREE     FREE     FREE     FREE     FREE     FREE     FREE          FREE     FREE     FREE     FREE     FREE     FREE     FREE          FREE     FREE     FREE     FREE     FREE     FREE     FREE          FREE     FREE     FREE     FREE     FREE     FREE     FREE          FREE     FREE     FREE     FREE     FREE     FREE     FREE          FREE     FREE     FREE     FREE     FREE     FREE     FREE          FREE     FREE     FREE     FREE     FREE     FREE     FREE          
Test JAF 1  JA_F      FREE     FREE     FREE     FREE     FREE     FREE     FREE          FREE     FREE     FREE     FREE     FREE     FREE     FREE          FREE     FREE     FREE     FREE     FREE     FREE     FREE          FREE     FREE     FREE     FREE     FREE     FREE     FREE          FREE     FREE     FREE     FREE     FREE     FREE     FREE          FREE     FREE     FREE     FREE     FREE     FREE     FREE          FREE     FREE     FREE     FREE     FREE     FREE     FREE          FREE     FREE     FREE     FREE     FREE     FREE     FREE          FREE     FREE     FREE     FREE     FREE     FREE     FREE          FREE     FREE     FREE     FREE     FREE     FREE     FREE          FREE     FREE     FREE     FREE     FREE     FREE     FREE          FREE     FREE     FREE     FREE     FREE     FREE     FREE          FREE     JAWE     JAWE     FREE     FREE     FREE     FREE          FREE     FREE     FREE     FREE     FREE     FREE     FREE          FREE     FREE     FREE     FREE     FREE     FREE     FREE          FREE     JAWE     JAWE     FREE     FREE     FREE     FREE          FREE     FREE     FREE     FREE     FREE     FREE     FREE          FREE     FREE     FREE     FREE     FREE     FREE     FREE          FREE     FREE     FREE     FREE     FREE     FREE     FREE          FREE     FREE     FREE     FREE     FREE     FREE     FREE          FREE     FREE     FREE     FREE     FREE     FREE     FREE          FREE     FREE     FREE     FREE     FREE     FREE     FREE          FREE     FREE     FREE     FREE     FREE     FREE     FREE          FREE     FREE     FREE     FREE     FREE     FREE     FREE          FREE     FREE     FREE     FREE     FREE     FREE     FREE          FREE     FREE     FREE     FREE     FREE     FREE     FREE          
Test JA 2  JA        FREE     FREE     FREE     FREE     FREE     FREE     FREE          FREE     FREE     FREE     FREE     FREE     FREE     FREE          FREE     FREE     FREE     FREE     FREE     FREE     FREE          FREE     FREE     FREE     FREE     FREE     FREE     FREE          FREE     FREE     FREE     FREE     FREE     FREE     FREE          FREE     FREE     FREE     FREE     FREE     FREE     FREE          FREE     JAWE     JAWE     FREE     FREE     FREE     FREE          FREE     FREE     FREE     FREE     FREE     FREE     FREE          FREE     FREE     FREE     FREE     FREE     FREE     FREE          FREE     FREE     FREE     FREE     FREE     FREE     FREE          FREE     FREE     FREE     FREE     FREE     FREE     FREE          FREE     FREE     FREE     FREE     FREE     FREE     FREE          FREE     FREE     FREE     FREE     FREE     FREE     FREE          FREE     FREE     FREE     FREE     FREE     FREE     FREE          FREE     FREE     FREE     FREE     FREE     FREE     FREE          FREE     FREE     FREE     FREE     FREE     FREE     FREE          FREE     FREE     FREE     FREE     FREE     FREE     FREE          FREE     FREE     FREE     FREE     FREE     FREE     FREE          FREE     FREE     FREE     FREE     FREE     FREE     FREE          FREE     FREE     FREE     FREE     FREE     FREE     FREE          FREE     JAWE     JAWE     FREE     FREE     FREE     FREE          FREE     FREE     FREE     FREE     FREE     FREE     FREE          FREE     FREE     FREE     FREE     FREE     FREE     FREE          FREE     FREE     FREE     FREE     FREE     FREE     FREE          FREE     FREE     FREE     FREE     FREE     FREE     FREE          FREE     FREE     FREE     FREE     FREE     FREE     FREE          
Test JA 3  JA        FREE     FREE     FREE     FREE     FREE     FREE     FREE          FREE     FREE     FREE     FREE     FREE     FREE     FREE          FREE     FREE     FREE     FREE     FREE     FREE     FREE          FREE     FREE     FREE     FREE     FREE     FREE     FREE          FREE     FREE     FREE     FREE     FREE     FREE     FREE          FREE     FREE     FREE     FREE     FREE     FREE     FREE          FREE     FREE     FREE     FREE     FREE     FREE     FREE          FREE     FREE     FREE     FREE     FREE     FREE     FREE          FREE     FREE     FREE     FREE     FREE     FREE     FREE          JANW     JANW     JANW     JANW     JANW     JANW     JANW          FREE     FREE     FREE     FREE     FREE     FREE     FREE          FREE     FREE     FREE     FREE     FREE     FREE     FREE          FREE     FREE     FREE     FREE     FREE     FREE     FREE          FREE     FREE     FREE     FREE     FREE     FREE     FREE          JANW     JANW     JANW     JANW     JANW     JANW     JANW          FREE     FREE     FREE     FREE     FREE     FREE     FREE          FREE     FREE     FREE     FREE     FREE     FREE     FREE          FREE     FREE     FREE     FREE     FREE     FREE     FREE          FREE     FREE     FREE     FREE     FREE     FREE     FREE          JANW     JANW     JANW     JANW     JANW     JANW     JANW          FREE     FREE     FREE     FREE     FREE     FREE     FREE          FREE     FREE     FREE     FREE     FREE     FREE     FREE          FREE     FREE     FREE     FREE     FREE     FREE     FREE          FREE     FREE     FREE     FREE     FREE     FREE     FREE          FREE     FREE     FREE     FREE     FREE     FREE     FREE          FREE     FREE     FREE     FREE     FREE     FREE     FREE          
Test JA 4  JA        FREE     FREE     FREE     FREE     FREE     FREE     FREE          JANW     JANW     JANW     JANW     JANW     JANW     JANW          FREE     FREE     FREE     FREE     FREE     FREE     FREE          FREE     FREE     FREE     FREE     FREE     FREE     FREE          FREE     FREE     FREE     FREE     FREE     FREE     FREE          FREE     FREE     FREE     FREE     FREE     FREE     FREE          FREE     FREE     FREE     FREE     FREE     FREE     FREE          FREE     FREE     FREE     FREE     FREE     FREE     FREE          JANW     JANW     JANW     JANW     JANW     JANW     JANW          FREE     FREE     FREE     FREE     FREE     FREE     FREE          FREE     FREE     FREE     FREE     FREE     FREE     FREE          FREE     JAWE     JAWE     FREE     FREE     FREE     FREE          FREE     FREE     FREE     FREE     FREE     FREE     FREE          FREE     FREE     FREE     FREE     FREE     FREE     FREE          FREE     FREE     FREE     FREE     FREE     FREE     FREE          FREE     FREE     FREE     FREE     FREE     FREE     FREE          FREE     FREE     FREE     FREE     FREE     FREE     FREE          FREE     FREE     FREE     FREE     FREE     FREE     FREE          FREE     FREE     FREE     FREE     FREE     FREE     FREE          FREE     FREE     FREE     FREE     FREE     FREE     FREE          FREE     FREE     FREE     FREE     FREE     FREE     FREE          FREE     FREE     FREE     FREE     FREE     FREE     FREE          FREE     FREE     FREE     FREE     FREE     FREE     FREE          JANW     JANW     JANW     JANW     JANW     JANW     JANW          FREE     FREE     FREE     FREE     FREE     FREE     FREE          FREE     FREE     FREE     FREE     FREE     FREE     FREE          
Test JAF 2  JA_F      FREE     FREE     FREE     FREE     FREE     FREE     FREE          FREE     FREE     FREE     FREE     FREE     FREE     FREE          FREE     FREE     FREE     FREE     FREE     FREE     FREE          FREE     FREE     FREE     FREE     FREE     FREE     FREE          FREE     FREE     FREE     FREE     FREE     FREE     FREE          FREE     FREE     FREE     FREE     FREE     FREE     FREE          FREE     FREE     FREE     FREE     FREE     FREE     FREE          FREE     FREE     FREE     FREE     FREE     FREE     FREE          FREE     FREE     FREE     FREE     FREE     FREE     FREE          FREE     FREE     FREE     FREE     FREE     FREE     FREE          FREE     FREE     FREE     FREE     FREE     FREE     FREE          FREE     FREE     FREE     FREE     FREE     FREE     FREE          FREE     FREE     FREE     FREE     FREE     FREE     FREE          FREE     FREE     FREE     FREE     FREE     FREE     FREE          FREE     FREE     FREE     FREE     FREE     FREE     FREE          FREE     FREE     FREE     FREE     FREE     FREE     FREE          FREE     FREE     FREE     FREE     FREE     FREE     FREE          FREE     FREE     FREE     FREE     FREE     FREE     FREE          FREE     FREE     FREE     FREE     FREE     FREE     FREE          FREE     FREE     FREE     FREE     FREE     FREE     FREE          FREE     FREE     FREE     FREE     FREE     FREE     FREE          FREE     JAWE     JAWE     FREE     FREE     FREE     FREE          FREE     FREE     FREE     FREE     FREE     FREE     FREE          FREE     FREE     FREE     FREE     FREE     FREE     FREE          FREE     FREE     FREE     FREE     FREE     FREE     FREE          FREE     FREE     FREE     FREE     FREE     FREE     FREE          
Test JAF 3  JA_F      FREE     FREE     FREE     FREE     FREE     FREE     FREE          FREE     FREE     FREE     FREE     FREE     FREE     FREE          FREE     FREE     FREE     FREE     FREE     FREE     FREE          FREE     FREE     FREE     FREE     FREE     FREE     FREE          FREE     FREE     FREE     FREE     FREE     FREE     FREE          FREE     FREE     FREE     FREE     FREE     FREE     FREE          FREE     FREE     FREE     FREE     FREE     FREE     FREE          FREE     FREE     FREE     FREE     FREE     FREE     FREE          FREE     FREE     FREE     FREE     FREE     FREE     FREE          FREE     FREE     FREE     FREE     FREE     FREE     FREE          FREE     FREE     FREE     FREE     FREE     FREE     FREE          FREE     FREE     FREE     FREE     FREE     FREE     FREE          FREE     FREE     FREE     FREE     FREE     FREE     FREE          FREE     FREE     FREE     FREE     FREE     FREE     FREE          FREE     FREE     FREE     FREE     FREE     FREE     FREE          FREE     FREE     FREE     FREE     FREE     FREE     FREE          FREE     FREE     FREE     FREE     FREE     FREE     FREE          FREE     FREE     FREE     FREE     FREE     FREE     FREE          FREE     FREE     FREE     FREE     FREE     FREE     FREE          FREE     FREE     FREE     FREE     FREE     FREE     FREE          FREE     FREE     FREE     FREE     FREE     FREE     FREE          FREE     FREE     FREE     FREE     FREE     FREE     FREE          FREE     JAWE     JAWE     FREE     FREE     FREE     FREE          FREE     FREE     FREE     FREE     FREE     FREE     FREE          FREE     FREE     FREE     FREE     FREE     FREE     FREE          FREE     FREE     FREE     FREE     FREE     FREE     FREE          
Test SA 1  SA        SAEW     SAEW     SAEW     SAEW     SAEW     SAEW     SAEW          FREE     FREE     FREE     FREE     FREE     FREE     FREE          FREE     FREE     FREE     FREE     FREE     FREE     FREE          FREE     FREE     FREE     FREE     FREE     FREE     FREE          FREE     FREE     FREE     FREE     FREE     FREE     FREE          SAEW     SAEW     SAEW     SAEW     SAEW     SAEW     SAEW          FREE     FREE     FREE     FREE     FREE     FREE     FREE          FREE     FREE     FREE     FREE     FREE     FREE     FREE          FREE     FREE     FREE     FREE     FREE     FREE     FREE          SAEW     SAEW     SAEW     SAEW     SAEW     SAEW     SAEW          FREE     FREE     FREE     FREE     FREE     FREE     FREE          FREE     FREE     FREE     FREE     FREE     FREE     FREE          FREE     FREE     FREE     FREE     FREE     FREE     FREE          CALL     CALL     CALL     CALL     CALL     CALL     CALL          FREE     FREE     FREE     FREE     FREE     FREE     FREE          FREE     FREE     FREE     FREE     FREE     FREE     FREE          FREE     FREE     FREE     FREE     FREE     FREE     FREE          FREE     FREE     FREE     FREE     FREE     FREE     FREE          FREE     FREE     FREE     FREE     FREE     FREE     FREE          FREE     FREE     FREE     FREE     FREE     FREE     FREE          FREE     FREE     FREE     FREE     FREE     FREE     FREE          FREE     FREE     FREE     FREE     FREE     FREE     FREE          FREE     FREE     FREE     FREE     FREE     FREE     FREE          FREE     FREE     FREE     FREE     FREE     FREE     FREE          FREE     FREE     FREE     FREE     FREE     FREE     FREE          FREE     FREE     FREE     FREE     FREE     FREE     FREE          
Test SA 2  SA        FREE     FREE     FREE     FREE     FREE     FREE     FREE          FREE     FREE     FREE     FREE     FREE     FREE     FREE          FREE     FREE     FREE     FREE     FREE     FREE     FREE          FREE     FREE     FREE     FREE     FREE     FREE     FREE          FREE     FREE     FREE     FREE     FREE     FREE     FREE          FREE     FREE     FREE     FREE     FREE     FREE     FREE          FREE     FREE     FREE     FREE     FREE     FREE     FREE          FREE     FREE     FREE     FREE     FREE     FREE     FREE          SAEW     SAEW     SAEW     SAEW     SAEW     SAEW     SAEW          FREE     FREE     FREE     FREE     FREE     FREE     FREE          FREE     FREE     FREE     FREE     FREE     FREE     FREE          FREE     FREE     FREE     FREE     FREE     FREE     FREE          FREE     FREE     FREE     FREE     FREE     FREE     FREE          FREE     FREE     FREE     FREE     FREE     FREE     FREE          FREE     SAWE     SAWE     FREE     FREE     FREE     FREE          FREE     FREE     FREE     FREE     FREE     FREE     FREE          FREE     FREE     FREE     FREE     FREE     FREE     FREE          FREE     FREE     FREE     FREE     FREE     FREE     FREE          FREE     FREE     FREE     FREE     FREE     FREE     FREE          FREE     FREE     FREE     FREE     FREE     FREE     FREE          FREE     FREE     FREE     FREE     FREE     FREE     FREE          FREE     FREE     FREE     FREE     FREE     FREE     FREE          FREE     FREE     FREE     FREE     FREE     FREE     FREE          FREE     FREE     FREE     FREE     FREE     FREE     FREE          FREE     FREE     FREE     FREE     FREE     FREE     FREE          FREE     FREE     FREE     FREE     FREE     FREE     FREE          
Test SA 3  SA        FREE     FREE     FREE     FREE     FREE     FREE     FREE          FREE     FREE     FREE     FREE     FREE     FREE     FREE          FREE     FREE     FREE     FREE     FREE     FREE     FREE          SAEW     SAEW     SAEW     SAEW     SAEW     SAEW     SAEW          FREE     FREE     FREE     FREE     FREE     FREE     FREE          FREE     FREE     FREE     FREE     FREE     FREE     FREE          FREE     FREE     FREE     FREE     FREE     FREE     FREE          FREE     FREE     FREE     FREE     FREE     FREE     FREE          FREE     FREE     FREE     FREE     FREE     FREE     FREE          FREE     FREE     FREE     FREE     FREE     FREE     FREE          FREE     FREE     FREE     FREE     FREE     FREE     FREE          FREE     FREE     FREE     FREE     FREE     FREE     FREE          FREE     FREE     FREE     FREE     FREE     FREE     FREE          FREE     SAWE     SAWE     FREE     FREE     FREE     FREE          FREE     FREE     FREE     FREE     FREE     FREE     FREE          FREE     FREE     FREE     FREE     FREE     FREE     FREE          CALL     CALL     CALL     CALL     CALL     CALL     CALL          FREE     FREE     FREE     FREE     FREE     FREE     FREE          FREE     FREE     FREE     FREE     FREE     FREE     FREE          FREE     FREE     FREE     FREE     FREE     FREE     FREE          FREE     FREE     FREE     FREE     FREE     FREE     FREE          FREE     FREE     FREE     FREE     FREE     FREE     FREE          FREE     FREE     FREE     FREE     FREE     FREE     FREE          FREE     FREE     FREE     FREE     FREE     FREE     FREE          FREE     FREE     FREE     FREE     FREE     FREE     FREE          FREE     FREE     FREE     FREE     FREE     FREE     FREE          
Test SAF 1  SA_F      FREE     FREE     FREE     FREE     FREE     FREE     FREE          FREE     FREE     FREE     FREE     FREE     FREE     FREE          FREE     FREE     FREE     FREE     FREE     FREE     FREE          FREE     FREE     FREE     FREE     FREE     FREE     FREE          FREE     FREE     FREE     FREE     FREE     FREE     FREE          FREE     FREE     FREE     FREE     FREE     FREE     FREE          FREE     FREE     FREE     FREE     FREE     FREE     FREE          FREE     FREE     FREE     FREE     FREE     FREE     FREE          FREE     FREE     FREE     FREE     FREE     FREE     FREE          FREE     FREE     FREE     FREE     FREE     FREE     FREE          FREE     FREE     FREE     FREE     FREE     FREE     FREE          FREE     FREE     FREE     FREE     FREE     FREE     FREE          FREE     FREE     FREE     FREE     FREE     FREE     FREE          FREE     FREE     FREE     FREE     FREE     FREE     FREE          CALL     CALL     CALL     CALL     CALL     CALL     CALL          FREE     FREE     FREE     FREE     FREE     FREE     FREE          FREE     FREE     FREE     FREE     FREE     FREE     FREE          FREE     FREE     FREE     FREE     FREE     FREE     FREE          CALL     CALL     CALL     CALL     CALL     CALL     CALL          FREE     FREE     FREE     FREE     FREE     FREE     FREE          FREE     FREE     FREE     FREE     FREE     FREE     FREE          FREE     FREE     FREE     FREE     FREE     FREE     FREE          CALL     CALL     CALL     CALL     CALL     CALL     CALL          FREE     FREE     FREE     FREE     FREE     FREE     FREE          FREE     FREE     FREE     FREE     FREE     FREE     FREE          FREE     FREE     FREE     FREE     FREE     FREE     FREE          
[...]
Test JA 5  JA        FREE     FREE     FREE     FREE     FREE     FREE     FREE          FREE     FREE     FREE     FREE     FREE     FREE     FREE          FREE     FREE     FREE     FREE     FREE     FREE     FREE          FREE     FREE     FREE     FREE     FREE     FREE     FREE          FREE     FREE     FREE     FREE     FREE     FREE     FREE          JANW     JANW     JANW     JANW     JANW     JANW     JANW          FREE     FREE     FREE     FREE     FREE     FREE     FREE          FREE     FREE     FREE     FREE     FREE     FREE     FREE          FREE     FREE     FREE     FREE     FREE     FREE     FREE          FREE     FREE     FREE     FREE     FREE     FREE     FREE          FREE     FREE     FREE     FREE     FREE     FREE     FREE          JANW     JANW     JANW     JANW     JANW     JANW     JANW          FREE     FREE     FREE     FREE     FREE     FREE     FREE          FREE     FREE     FREE     FREE     FREE     FREE     FREE          FREE     FREE     FREE     FREE     FREE     FREE     FREE          FREE     FREE     FREE     FREE     FREE     FREE     FREE          FREE     FREE     FREE     FREE     FREE     FREE     FREE          JANW     JANW     JANW     JANW     JANW     JANW     JANW          FREE     FREE     FREE     FREE     FREE     FREE     FREE          FREE     FREE     FREE     FREE     FREE     FREE     FREE          FREE     FREE     FREE     FREE     FREE     FREE     FREE          FREE     FREE     FREE     FREE     FREE     FREE     FREE          JANW     JANW     JANW     JANW     JANW     JANW     JANW          FREE     FREE     FREE     FREE     FREE     FREE     FREE          FREE     FREE     FREE     FREE     FREE     FREE     FREE          FREE     FREE     FREE     FREE     FREE     FREE     FREE          
Test JA 6  JA        FREE     FREE     FREE     FREE     FREE     FREE     FREE          FREE     FREE     FREE     FREE     FREE     FREE     FREE          FREE     FREE     FREE     FREE     FREE     FREE     FREE          FREE     FREE     FREE     FREE     FREE     FREE     FREE          FREE     FREE     FREE     FREE     FREE     FREE     FREE          FREE     FREE     FREE     FREE     FREE     FREE     FREE          FREE     FREE     FREE     FREE     FREE     FREE     FREE          JANW     JANW     JANW     JANW     JANW     JANW     JANW          FREE     FREE     FREE     FREE     FREE     FREE     FREE          FREE     FREE     FREE     FREE     FREE     FREE     FREE          FREE     FREE     FREE     FREE     FREE     FREE     FREE          FREE     FREE     FREE     FREE     FREE     FREE     FREE          FREE     FREE     FREE     FREE     FREE     FREE     FREE          FREE     JAWE     JAWE     FREE     FREE     FREE     FREE          FREE     FREE     FREE     FREE     FREE     FREE     FREE          FREE     FREE     FREE     FREE     FREE     FREE     FREE          FREE     JAWE     JAWE     FREE     FREE     FREE     FREE          FREE     FREE     FREE     FREE     FREE     FREE     FREE          FREE     FREE     FREE     FREE     FREE     FREE     FREE          FREE     FREE     FREE     FREE     FREE     FREE     FREE          FREE     FREE     FREE     FREE     FREE     FREE     FREE          FREE     FREE     FREE     FREE     FREE     FREE     FREE          FREE     FREE     FREE     FREE     FREE     FREE     FREE          FREE     FREE     FREE     FREE     FREE     FREE     FREE          FREE     FREE     FREE     FREE     FREE     FREE     FREE          FREE     FREE     FREE     FREE     FREE     FREE     FREE          
Test JA 7  JA        FREE     FREE     FREE     FREE     FREE     FREE     FREE          FREE     FREE     FREE     FREE     FREE     FREE     FREE          FREE     FREE     FREE     FREE     FREE     FREE     FREE          FREE     FREE     FREE     FREE     FREE     FREE     FREE          JANW     JANW     JANW     JANW     JANW     JANW     JANW          FREE     FREE     FREE     FREE     FREE     FREE     FREE          FREE     FREE     FREE     FREE     FREE     FREE     FREE          JANW     JANW     JANW     JANW     JANW     JANW     JANW          FREE     FREE     FREE     FREE     FREE     FREE     FREE          FREE     FREE     FREE     FREE     FREE     FREE     FREE          FREE     FREE     FREE     FREE     FREE     FREE     FREE          FREE     FREE     FREE     FREE     FREE     FREE     FREE          FREE     FREE     FREE     FREE     FREE     FREE     FREE          FREE     FREE     FREE     FREE     FREE     FREE     FREE          FREE     FREE     FREE     FREE     FREE     FREE     FREE          FREE     FREE     FREE     FREE     FREE     FREE     FREE          FREE     FREE     FREE     FREE     FREE     FREE     FREE          FREE     FREE     FREE     FREE     FREE     FREE     FREE          FREE     FREE     FREE     FREE     FREE     FREE     FREE          FREE     FREE     FREE     FREE     FREE     FREE     FREE          FREE     FREE     FREE     FREE     FREE     FREE     FREE          FREE     FREE     FREE     FREE     FREE     FREE     FREE          FREE     FREE     FREE     FREE     FREE     FREE     FREE          FREE     FREE     FREE     FREE     FREE     FREE     FREE          FREE     FREE     FREE     FREE     FREE     FREE     FREE          FREE     FREE     FREE     FREE     FREE     FREE     FREE          
Test JAF  4  JA_F      FREE     FREE     FREE     FREE     FREE     FREE     FREE          FREE     FREE     FREE     FREE     FREE     FREE     FREE          FREE     FREE     FREE     FREE     FREE     FREE     FREE          FREE     FREE     FREE     FREE     FREE     FREE     FREE          FREE     FREE     FREE     FREE     FREE     FREE     FREE          FREE     FREE     FREE     FREE     FREE     FREE     FREE          FREE     FREE     FREE     FREE     FREE     FREE     FREE          FREE     FREE     FREE     FREE     FREE     FREE     FREE          FREE     FREE     FREE     FREE     FREE     FREE     FREE          FREE     FREE     FREE     FREE     FREE     FREE     FREE          FREE     FREE     FREE     FREE     FREE     FREE     FREE          FREE     FREE     FREE     FREE     FREE     FREE     FREE          FREE     FREE     FREE     FREE     FREE     FREE     FREE          FREE     FREE     FREE     FREE     FREE     FREE     FREE          FREE     FREE     FREE     FREE     FREE     FREE     FREE          FREE     FREE     FREE     FREE     FREE     FREE     FREE          FREE     JAWE     JAWE     FREE     FREE     FREE     FREE          FREE     FREE     FREE     FREE     FREE     FREE     FREE          FREE     FREE     FREE     FREE     FREE     FREE     FREE          FREE     FREE     FREE     FREE     FREE     FREE     FREE          FREE     FREE     FREE     FREE     FREE     FREE     FREE          FREE     JAWE     JAWE     FREE     FREE     FREE     FREE          FREE     FREE     FREE     FREE     FREE     FREE     FREE          FREE     FREE     FREE     FREE     FREE     FREE     FREE          FREE     FREE     FREE     FREE     FREE     FREE     FREE          FREE     FREE     FREE     FREE     FREE     FREE     FREE          
Test SA 4  SA        FREE     FREE     FREE     FREE     FREE     FREE     FREE          FREE     FREE     FREE     FREE     FREE     FREE     FREE          FREE     FREE     FREE     FREE     FREE     FREE     FREE          FREE     FREE     FREE     FREE     FREE     FREE     FREE          FREE     SAWE     SAWE     FREE     FREE     FREE     FREE          FREE     FREE     FREE     FREE     FREE     FREE     FREE          FREE     FREE     FREE     FREE     FREE     FREE     FREE          FREE     FREE     FREE     FREE     FREE     FREE     FREE          FREE     FREE     FREE     FREE     FREE     FREE     FREE          FREE     FREE     FREE     FREE     FREE     FREE     FREE          FREE     FREE     FREE     FREE     FREE     FREE     FREE          FREE     FREE     FREE     FREE     FREE     FREE     FREE          FREE     FREE     FREE     FREE     FREE     FREE     FREE          FREE     FREE     FREE     FREE     FREE     FREE     FREE          FREE     FREE     FREE     FREE     FREE     FREE     FREE          FREE     FREE     FREE     FREE     FREE     FREE     FREE          FREE     FREE     FREE     FREE     FREE     FREE     FREE          FREE     FREE     FREE     FREE     FREE     FREE     FREE          FREE     FREE     FREE     FREE     FREE     FREE     FREE          FREE     FREE     FREE     FREE     FREE     FREE     FREE          FREE     FREE     FREE     FREE     FREE     FREE     FREE          FREE     FREE     FREE     FREE     FREE     FREE     FREE          FREE     FREE     FREE     FREE     FREE     FREE     FREE          FREE     FREE     FREE     FREE     FREE     FREE     FREE          FREE     FREE     FREE     FREE     FREE     FREE     FREE          FREE     FREE     FREE     FREE     FREE     FREE     FREE          
Test SA  5  SA        FREE     SAWE     SAWE     FREE     FREE     FREE     FREE          FREE     FREE     FREE     FREE     FREE     FREE     FREE          FREE     FREE     FREE     FREE     FREE     FREE     FREE          FREE     FREE     FREE     FREE     FREE     FREE     FREE          FREE     FREE     FREE     FREE     FREE     FREE     FREE          FREE     FREE     FREE     FREE     FREE     FREE     FREE          SAEW     SAEW     SAEW     SAEW     SAEW     SAEW     SAEW          FREE     FREE     FREE     FREE     FREE     FREE     FREE          FREE     FREE     FREE     FREE     FREE     FREE     FREE          FREE     FREE     FREE     FREE     FREE     FREE     FREE          FREE     FREE     FREE     FREE     FREE     FREE     FREE          FREE     FREE     FREE     FREE     FREE     FREE     FREE          FREE     FREE     FREE     FREE     FREE     FREE     FREE          FREE     FREE     FREE     FREE     FREE     FREE     FREE          FREE     FREE     FREE     FREE     FREE     FREE     FREE          FREE     FREE     FREE     FREE     FREE     FREE     FREE          FREE     FREE     FREE     FREE     FREE     FREE     FREE          FREE     FREE     FREE     FREE     FREE     FREE     FREE          FREE     FREE     FREE     FREE     FREE     FREE     FREE          FREE     FREE     FREE     FREE     FREE     FREE     FREE          FREE     FREE     FREE     FREE     FREE     FREE     FREE          FREE     FREE     FREE     FREE     FREE     FREE     FREE          FREE     FREE     FREE     FREE     FREE     FREE     FREE          FREE     FREE     FREE     FREE     FREE     FREE     FREE          FREE     FREE     FREE     FREE     FREE     FREE     FREE          CALL     CALL     CALL     CALL     CALL     CALL     CALL          
Test SAF 3   SA_F      FREE     FREE     FREE     FREE     FREE     FREE     FREE          FREE     FREE     FREE     FREE     FREE     FREE     FREE          FREE     FREE     FREE     FREE     FREE     FREE     FREE          FREE     FREE     FREE     FREE     FREE     FREE     FREE          FREE     FREE     FREE     FREE     FREE     FREE     FREE          FREE     FREE     FREE     FREE     FREE     FREE     FREE          FREE     FREE     FREE     FREE     FREE     FREE     FREE          FREE     FREE     FREE     FREE     FREE     FREE     FREE          FREE     FREE     FREE     FREE     FREE     FREE     FREE          FREE     FREE     FREE     FREE     FREE     FREE     FREE          FREE     FREE     FREE     FREE     FREE     FREE     FREE          FREE     FREE     FREE     FREE     FREE     FREE     FREE          FREE     FREE     FREE     FREE     FREE     FREE     FREE          FREE     FREE     FREE     FREE     FREE     FREE     FREE          FREE     FREE     FREE     FREE     FREE     FREE     FREE          FREE     FREE     FREE     FREE     FREE     FREE     FREE          FREE     FREE     FREE     FREE     FREE     FREE     FREE          FREE     FREE     FREE     FREE     FREE     FREE     FREE          FREE     FREE     FREE     FREE     FREE     FREE     FREE          FREE     FREE     FREE     FREE     FREE     FREE     FREE          FREE     FREE     FREE     FREE     FREE     FREE     FREE          FREE     FREE     FREE     FREE     FREE     FREE     FREE          FREE     FREE     FREE     FREE     FREE     FREE     FREE          FREE     FREE     FREE     FREE     FREE     FREE     FREE          FREE     FREE     FREE     FREE     FREE     FREE     FREE          FREE     FREE     FREE     FREE     FREE     FREE     FREE          
Test SAN  6  SA_NEO    FREE     FREE     FREE     FREE     FREE     FREE     FREE          FREE     FREE     FREE     FREE     FREE     FREE     FREE          FREE     FREE     FREE     FREE     FREE     FREE     FREE          FREE     FREE     FREE     FREE     FREE     FREE     FREE          FREE     FREE     FREE     FREE     FREE     FREE     FREE          FREE     FREE     FREE     FREE     FREE     FREE     FREE          FREE     FREE     FREE     FREE     FREE     FREE     FREE          FREE     FREE     FREE     FREE     FREE     FREE     FREE          FREE     FREE     FREE     FREE     FREE     FREE     FREE          FREE     FREE     FREE     FREE     FREE     FREE     FREE          FREE     FREE     FREE     FREE     FREE     FREE     FREE          FREE     FREE     FREE     FREE     FREE     FREE     FREE          FREE     TPWE     TPWE     FREE     FREE     FREE     FREE          FREE     FREE     FREE     FREE     FREE     FREE     FREE          FREE     FREE     FREE     FREE     FREE     FREE     FREE          FREE     FREE     FREE     FREE     FREE     FREE     FREE          FREE     FREE     FREE     FREE     FREE     FREE     FREE          SAEW     SAEW     SAEW     SAEW     SAEW     SAEW     SAEW          FREE     FREE     FREE     FREE     FREE     FREE     FREE          FREE     FREE     FREE     FREE     FREE     FREE     FREE          FREE     FREE     FREE     FREE     FREE     FREE     FREE          FREE     FREE     FREE     FREE     FREE     FREE     FREE          FREE     FREE     FREE     FREE     FREE     FREE     FREE          FREE     FREE     FREE     FREE     FREE     FREE     FREE          FREE     FREE     FREE     FREE     FREE     FREE     FREE          FREE     FREE     FREE     FREE     FREE     FREE     FREE          
Test SAN  7   SA_NEO    CALL     CALL     CALL     CALL     CALL     CALL     CALL          FREE     FREE     FREE     FREE     FREE     FREE     FREE          FREE     FREE     FREE     FREE     FREE     FREE     FREE          FREE     FREE     FREE     FREE     FREE     FREE     FREE          FREE     FREE     FREE     FREE     FREE     FREE     FREE          FREE     FREE     FREE     FREE     FREE     FREE     FREE          FREE     FREE     FREE     FREE     FREE     FREE     FREE          FREE     FREE     FREE     FREE     FREE     FREE     FREE          FREE     FREE     FREE     FREE     FREE     FREE     FREE          FREE     FREE     FREE     FREE     FREE     FREE     FREE          FREE     FREE     FREE     FREE     FREE     FREE     FREE          SAEW     SAEW     SAEW     SAEW     SAEW     SAEW     SAEW          FREE     FREE     FREE     FREE     FREE     FREE     FREE          FREE     FREE     FREE     FREE     FREE     FREE     FREE          FREE     FREE     FREE     FREE     FREE     FREE     FREE          FREE     FREE     FREE     FREE     FREE     FREE     FREE          FREE     FREE     FREE     FREE     FREE     FREE     FREE          FREE     FREE     FREE     FREE     FREE     FREE     FREE          FREE     FREE     FREE     FREE     FREE     FREE     FREE          FREE     FREE     FREE     FREE     FREE     FREE     FREE          FREE     FREE     FREE     FREE     FREE     FREE     FREE          FREE     FREE     FREE     FREE     FREE     FREE     FREE          FREE     FREE     FREE     FREE     FREE     FREE     FREE          FREE     FREE     FREE     FREE     FREE     FREE     FREE          FREE     FREE     FREE     FREE     FREE     FREE     FREE          FREE     FREE     FREE     FREE     FREE     FREE     FREE          
Test SAFN 3     SA_F_NEO  FREE     FREE     FREE     FREE     FREE     FREE     FREE          FREE     FREE     FREE     FREE     FREE     FREE     FREE          FREE     SAWE     SAWE     FREE     FREE     FREE     FREE          FREE     FREE     FREE     FREE     FREE     FREE     FREE          FREE     FREE     FREE     FREE     FREE     FREE     FREE          FREE     FREE     FREE     FREE     FREE     FREE     FREE          FREE     TPWE     TPWE     FREE     FREE     FREE     FREE          FREE     FREE     FREE     FREE     FREE     FREE     FREE          FREE     TPWE     TPWE     FREE     FREE     FREE     FREE          FREE     FREE     FREE     FREE     FREE     FREE     FREE          FREE     FREE     FREE     FREE     FREE     FREE     FREE          FREE     FREE     FREE     FREE     FREE     FREE     FREE          FREE     FREE     FREE     FREE     FREE     FREE     FREE          FREE     FREE     FREE     FREE     FREE     FREE     FREE          FREE     FREE     FREE     FREE     FREE     FREE     FREE          FREE     FREE     FREE     FREE     FREE     FREE     FREE          FREE     SAWE     SAWE     FREE     FREE     FREE     FREE          FREE     FREE     FREE     FREE     FREE     FREE     FREE          FREE     FREE     FREE     FREE     FREE     FREE     FREE          FREE     TPWE     TPWE     FREE     FREE     FREE     FREE          FREE     FREE     FREE     FREE     FREE     FREE     FREE          FREE     FREE     FREE     FREE     FREE     FREE     FREE          FREE     FREE     FREE     FREE     FREE     FREE     FREE          FREE     FREE     FREE     FREE     FREE     FREE     FREE          FREE     FREE     FREE     FREE     FREE     FREE     FREE          FREE     FREE     FREE     FREE     FREE     FREE     FREE          

fitness score genetic: 559.0
]]></system-out>
  </testcase>
  <testcase name="weekFromDaysTest" classname="GeneticTests" time="3.141">
    <error message="[SQLITE_BUSY]  The database file is locked (database is locked)" type="org.sqlite.SQLiteException">org.sqlite.SQLiteException: [SQLITE_BUSY]  The database file is locked (database is locked)
	at GeneticTests.getInstanceData(GeneticTests.java:117)
	at GeneticTests.weekFromDaysTest(GeneticTests.java:100)
</error>
    <system-out><![CDATA[/Users/dennismaes/Library/Mobile Documents/com~apple~CloudDocs/School/2021-2022/Thesis/applicatie/scheduler/backend/demo.db
]]></system-out>
  </testcase>
  <testcase name="basicFitnessTest" classname="GeneticTests" time="3.128">
    <error message="[SQLITE_BUSY]  The database file is locked (database is locked)" type="org.sqlite.SQLiteException">org.sqlite.SQLiteException: [SQLITE_BUSY]  The database file is locked (database is locked)
	at GeneticTests.getInstanceData(GeneticTests.java:117)
	at GeneticTests.basicFitnessTest(GeneticTests.java:24)
</error>
    <system-out><![CDATA[/Users/dennismaes/Library/Mobile Documents/com~apple~CloudDocs/School/2021-2022/Thesis/applicatie/scheduler/backend/demo.db
]]></system-out>
  </testcase>
  <testcase name="crossoverTest1" classname="GeneticTests" time="3.149">
    <error message="[SQLITE_BUSY]  The database file is locked (database is locked)" type="org.sqlite.SQLiteException">org.sqlite.SQLiteException: [SQLITE_BUSY]  The database file is locked (database is locked)
	at GeneticTests.getInstanceData(GeneticTests.java:117)
	at GeneticTests.crossoverTest1(GeneticTests.java:63)
</error>
    <system-out><![CDATA[/Users/dennismaes/Library/Mobile Documents/com~apple~CloudDocs/School/2021-2022/Thesis/applicatie/scheduler/backend/demo.db
]]></system-out>
  </testcase>
</testsuite>